<?xml version="1.0" encoding="UTF-8" ?>
<testsuites name="vitest tests" tests="308" failures="0" errors="0" time="14.475737875">
    <testsuite name="src/cli.test.ts" timestamp="2025-12-26T08:20:14.415Z" hostname="MacBook-Pro-2.local" tests="6" failures="0" errors="0" skipped="0" time="0.2005125">
        <testcase classname="src/cli.test.ts" name="cli &gt; should export a commander program" time="0.145916917">
        </testcase>
        <testcase classname="src/cli.test.ts" name="cli &gt; should handle version flag" time="0.019274167">
        </testcase>
        <testcase classname="src/cli.test.ts" name="cli &gt; should not show update notifications in test mode" time="0.007045292">
        </testcase>
        <testcase classname="src/cli.test.ts" name="cli &gt; should register all commands" time="0.000342708">
        </testcase>
        <testcase classname="src/cli.test.ts" name="cli &gt; should exit cleanly in test mode" time="0.005340333">
        </testcase>
        <testcase classname="src/cli.test.ts" name="cli &gt; should handle non-interactive flag" time="0.004427125">
        </testcase>
    </testsuite>
    <testsuite name="src/__tests__/apply.test.ts" timestamp="2025-12-26T08:20:14.419Z" hostname="MacBook-Pro-2.local" tests="7" failures="0" errors="0" skipped="0" time="0.375646416">
        <testcase classname="src/__tests__/apply.test.ts" name="Apply Command &gt; exports applyCommand as a Commander command" time="0.112580708">
        </testcase>
        <testcase classname="src/__tests__/apply.test.ts" name="Apply Command &gt; has correct description" time="0.0035835">
        </testcase>
        <testcase classname="src/__tests__/apply.test.ts" name="Apply Command &gt; supports --force option" time="0.015281">
        </testcase>
        <testcase classname="src/__tests__/apply.test.ts" name="Apply Command &gt; executes apply with successful result" time="0.01562275">
        </testcase>
        <testcase classname="src/__tests__/apply.test.ts" name="Apply Command &gt; executes apply with --force flag" time="0.006295416">
        </testcase>
        <testcase classname="src/__tests__/apply.test.ts" name="Apply Command &gt; exits with code 1 when there are errors" time="0.026194459">
        </testcase>
        <testcase classname="src/__tests__/apply.test.ts" name="Apply Command &gt; handles thrown errors gracefully" time="0.107600917">
        </testcase>
    </testsuite>
    <testsuite name="src/__tests__/build.test.ts" timestamp="2025-12-26T08:20:14.424Z" hostname="MacBook-Pro-2.local" tests="12" failures="0" errors="0" skipped="0" time="0.406383458">
        <testcase classname="src/__tests__/build.test.ts" name="Build Command &gt; exports buildCommand as a Commander command" time="0.083708375">
        </testcase>
        <testcase classname="src/__tests__/build.test.ts" name="Build Command &gt; has correct description" time="0.034395208">
        </testcase>
        <testcase classname="src/__tests__/build.test.ts" name="Build Command &gt; supports --force option" time="0.048100708">
        </testcase>
        <testcase classname="src/__tests__/build.test.ts" name="Build Command &gt; supports --apply option" time="0.071678834">
        </testcase>
        <testcase classname="src/__tests__/build.test.ts" name="Build Command &gt; supports --bundle option" time="0.0105745">
        </testcase>
        <testcase classname="src/__tests__/build.test.ts" name="Build Command &gt; executes build with successful result" time="0.008489">
        </testcase>
        <testcase classname="src/__tests__/build.test.ts" name="Build Command &gt; executes build with --force flag" time="0.004752709">
        </testcase>
        <testcase classname="src/__tests__/build.test.ts" name="Build Command &gt; executes build with --bundle flag" time="0.07736">
        </testcase>
        <testcase classname="src/__tests__/build.test.ts" name="Build Command &gt; executes build with --apply flag (build + apply)" time="0.034332167">
        </testcase>
        <testcase classname="src/__tests__/build.test.ts" name="Build Command &gt; exits with code 1 when build has errors" time="0.004456625">
        </testcase>
        <testcase classname="src/__tests__/build.test.ts" name="Build Command &gt; handles thrown errors gracefully" time="0.004181541">
        </testcase>
        <testcase classname="src/__tests__/build.test.ts" name="Build Command &gt; disposes orchestrator before exiting" time="0.012747042">
        </testcase>
    </testsuite>
    <testsuite name="src/__tests__/clear.test.ts" timestamp="2025-12-26T08:20:14.427Z" hostname="MacBook-Pro-2.local" tests="13" failures="0" errors="0" skipped="0" time="0.281298">
        <testcase classname="src/__tests__/clear.test.ts" name="Clear Command &gt; exports clearCommand as a Commander command" time="0.077791">
        </testcase>
        <testcase classname="src/__tests__/clear.test.ts" name="Clear Command &gt; has correct description" time="0.026128917">
        </testcase>
        <testcase classname="src/__tests__/clear.test.ts" name="Clear Command &gt; supports --local option" time="0.044363583">
        </testcase>
        <testcase classname="src/__tests__/clear.test.ts" name="Clear Command &gt; supports --shared option" time="0.028328333">
        </testcase>
        <testcase classname="src/__tests__/clear.test.ts" name="Clear Command &gt; supports --reset option" time="0.008887667">
        </testcase>
        <testcase classname="src/__tests__/clear.test.ts" name="Clear Command &gt; clears local build logs with --local flag" time="0.005574875">
        </testcase>
        <testcase classname="src/__tests__/clear.test.ts" name="Clear Command &gt; clears shared build logs with --shared flag" time="0.006032791">
        </testcase>
        <testcase classname="src/__tests__/clear.test.ts" name="Clear Command &gt; resets config with --reset flag" time="0.005779291">
        </testcase>
        <testcase classname="src/__tests__/clear.test.ts" name="Clear Command &gt; handles errors gracefully" time="0.023180125">
        </testcase>
        <testcase classname="src/__tests__/clear.test.ts" name="Clear Command &gt; exits with error in non-TTY mode without flags" time="0.010138083">
        </testcase>
        <testcase classname="src/__tests__/clear.test.ts" name="Clear Command &gt; allows interactive selection in TTY mode" time="0.016493459">
        </testcase>
        <testcase classname="src/__tests__/clear.test.ts" name="Clear Command &gt; handles interactive Ctrl+C gracefully" time="0.007067833">
        </testcase>
        <testcase classname="src/__tests__/clear.test.ts" name="Clear Command &gt; handles project root errors gracefully" time="0.005351375">
        </testcase>
    </testsuite>
    <testsuite name="src/__tests__/init.test.ts" timestamp="2025-12-26T08:20:14.432Z" hostname="MacBook-Pro-2.local" tests="5" failures="0" errors="0" skipped="0" time="0.413724542">
        <testcase classname="src/__tests__/init.test.ts" name="Init Command &gt; exports initCommand as a Commander command" time="0.127365458">
        </testcase>
        <testcase classname="src/__tests__/init.test.ts" name="Init Command &gt; has correct description" time="0.009885458">
        </testcase>
        <testcase classname="src/__tests__/init.test.ts" name="Init Command &gt; creates config and directories on success" time="0.083509209">
        </testcase>
        <testcase classname="src/__tests__/init.test.ts" name="Init Command &gt; handles existing config gracefully" time="0.079285416">
        </testcase>
        <testcase classname="src/__tests__/init.test.ts" name="Init Command &gt; handles errors gracefully" time="0.073748334">
        </testcase>
    </testsuite>
    <testsuite name="src/__tests__/promote.test.ts" timestamp="2025-12-26T08:20:14.435Z" hostname="MacBook-Pro-2.local" tests="12" failures="0" errors="0" skipped="0" time="0.175250083">
        <testcase classname="src/__tests__/promote.test.ts" name="Promote Command &gt; exports promoteCommand as a Commander command" time="0.092836667">
        </testcase>
        <testcase classname="src/__tests__/promote.test.ts" name="Promote Command &gt; has correct description" time="0.000860875">
        </testcase>
        <testcase classname="src/__tests__/promote.test.ts" name="Promote Command &gt; accepts optional template argument" time="0.000183917">
        </testcase>
        <testcase classname="src/__tests__/promote.test.ts" name="Promote Command &gt; promotes a WIP template with argument" time="0.005541333">
        </testcase>
        <testcase classname="src/__tests__/promote.test.ts" name="Promote Command &gt; exits with error when template not found" time="0.002810959">
        </testcase>
        <testcase classname="src/__tests__/promote.test.ts" name="Promote Command &gt; exits with error for non-WIP template" time="0.010717209">
        </testcase>
        <testcase classname="src/__tests__/promote.test.ts" name="Promote Command &gt; exits with error in non-TTY mode without arguments" time="0.002702333">
        </testcase>
        <testcase classname="src/__tests__/promote.test.ts" name="Promote Command &gt; handles file rename errors" time="0.004031083">
        </testcase>
        <testcase classname="src/__tests__/promote.test.ts" name="Promote Command &gt; shows no WIP templates message when none exist" time="0.002537791">
        </testcase>
        <testcase classname="src/__tests__/promote.test.ts" name="Promote Command &gt; updates build log when promoting tracked template" time="0.017890916">
        </testcase>
        <testcase classname="src/__tests__/promote.test.ts" name="Promote Command &gt; handles interactive selection with Ctrl+C" time="0.012619583">
        </testcase>
        <testcase classname="src/__tests__/promote.test.ts" name="Promote Command &gt; allows interactive selection in TTY mode" time="0.006019833">
        </testcase>
    </testsuite>
    <testsuite name="src/__tests__/register.test.ts" timestamp="2025-12-26T08:20:14.445Z" hostname="MacBook-Pro-2.local" tests="8" failures="0" errors="0" skipped="0" time="0.396079958">
        <testcase classname="src/__tests__/register.test.ts" name="Register Command &gt; exports registerCommand as a Commander command" time="0.092557916">
        </testcase>
        <testcase classname="src/__tests__/register.test.ts" name="Register Command &gt; has correct description" time="0.060229209">
        </testcase>
        <testcase classname="src/__tests__/register.test.ts" name="Register Command &gt; accepts optional templates argument" time="0.049597417">
        </testcase>
        <testcase classname="src/__tests__/register.test.ts" name="Register Command &gt; registers templates with arguments" time="0.101708458">
        </testcase>
        <testcase classname="src/__tests__/register.test.ts" name="Register Command &gt; handles registration errors" time="0.039163167">
        </testcase>
        <testcase classname="src/__tests__/register.test.ts" name="Register Command &gt; shows message when no templates found" time="0.020874791">
        </testcase>
        <testcase classname="src/__tests__/register.test.ts" name="Register Command &gt; shows message when all templates are registered" time="0.003121625">
        </testcase>
        <testcase classname="src/__tests__/register.test.ts" name="Register Command &gt; exits with error in non-TTY mode without arguments" time="0.00866625">
        </testcase>
    </testsuite>
    <testsuite name="src/__tests__/watch.test.ts" timestamp="2025-12-26T08:20:14.454Z" hostname="MacBook-Pro-2.local" tests="16" failures="0" errors="0" skipped="0" time="0.23066525">
        <testcase classname="src/__tests__/watch.test.ts" name="Watch Command &gt; exports watchCommand as a Commander command" time="0.170808125">
        </testcase>
        <testcase classname="src/__tests__/watch.test.ts" name="Watch Command &gt; has correct description" time="0.00788375">
        </testcase>
        <testcase classname="src/__tests__/watch.test.ts" name="Watch Command &gt; handles errors gracefully" time="0.007965959">
        </testcase>
        <testcase classname="src/__tests__/watch.test.ts" name="Watch Command &gt; handles template loading errors" time="0.004713125">
        </testcase>
        <testcase classname="src/__tests__/watch.test.ts" name="Watch Command Utilities &gt; formatTemplateDisplay handles paths correctly" time="0.00012675">
        </testcase>
        <testcase classname="src/__tests__/watch.test.ts" name="formatRelativeTime &gt; returns &quot;just now&quot; for times less than 5 seconds ago" time="0.000459292">
        </testcase>
        <testcase classname="src/__tests__/watch.test.ts" name="formatRelativeTime &gt; returns seconds ago for times between 5 and 60 seconds" time="0.000117666">
        </testcase>
        <testcase classname="src/__tests__/watch.test.ts" name="formatRelativeTime &gt; returns minutes ago for times between 1 and 60 minutes" time="0.000078291">
        </testcase>
        <testcase classname="src/__tests__/watch.test.ts" name="formatRelativeTime &gt; returns hours ago for times between 1 and 24 hours" time="0.00006675">
        </testcase>
        <testcase classname="src/__tests__/watch.test.ts" name="formatRelativeTime &gt; returns days ago for times more than 24 hours" time="0.00006">
        </testcase>
        <testcase classname="src/__tests__/watch.test.ts" name="renderScreen &gt; clears the screen before rendering" time="0.000352917">
        </testcase>
        <testcase classname="src/__tests__/watch.test.ts" name="renderScreen &gt; shows header with stats" time="0.000220083">
        </testcase>
        <testcase classname="src/__tests__/watch.test.ts" name="renderScreen &gt; shows recent activity when showHistory is true and there are updates" time="0.000204708">
        </testcase>
        <testcase classname="src/__tests__/watch.test.ts" name="renderScreen &gt; hides recent activity when showHistory is false" time="0.000215208">
        </testcase>
        <testcase classname="src/__tests__/watch.test.ts" name="renderScreen &gt; shows errors section when there are errors" time="0.000231625">
        </testcase>
        <testcase classname="src/__tests__/watch.test.ts" name="renderScreen &gt; shows toggle instruction with correct state" time="0.00028825">
        </testcase>
    </testsuite>
    <testsuite name="src/commands/menu.test.ts" timestamp="2025-12-26T08:20:14.458Z" hostname="MacBook-Pro-2.local" tests="11" failures="0" errors="0" skipped="0" time="0.178044709">
        <testcase classname="src/commands/menu.test.ts" name="menu &gt; should export showMenu function" time="0.101952875">
        </testcase>
        <testcase classname="src/commands/menu.test.ts" name="menu &gt; should show branding when menu is displayed" time="0.004255416">
        </testcase>
        <testcase classname="src/commands/menu.test.ts" name="menu &gt; should execute init command when selected" time="0.006870666">
        </testcase>
        <testcase classname="src/commands/menu.test.ts" name="menu &gt; should execute build command when selected" time="0.001266125">
        </testcase>
        <testcase classname="src/commands/menu.test.ts" name="menu &gt; should execute apply command when selected" time="0.001486458">
        </testcase>
        <testcase classname="src/commands/menu.test.ts" name="menu &gt; should execute watch command when selected" time="0.004950375">
        </testcase>
        <testcase classname="src/commands/menu.test.ts" name="menu &gt; should execute register command when selected" time="0.004911959">
        </testcase>
        <testcase classname="src/commands/menu.test.ts" name="menu &gt; should execute promote command when selected" time="0.00691775">
        </testcase>
        <testcase classname="src/commands/menu.test.ts" name="menu &gt; should execute clear command when selected" time="0.002985375">
        </testcase>
        <testcase classname="src/commands/menu.test.ts" name="menu &gt; should exit gracefully on Ctrl+C" time="0.003969917">
        </testcase>
        <testcase classname="src/commands/menu.test.ts" name="menu &gt; should show error and exit on other errors" time="0.003594292">
        </testcase>
    </testsuite>
    <testsuite name="src/ui/branding.test.ts" timestamp="2025-12-26T08:20:14.461Z" hostname="MacBook-Pro-2.local" tests="5" failures="0" errors="0" skipped="0" time="0.069153458">
        <testcase classname="src/ui/branding.test.ts" name="renderBranding &gt; renders branding with connected status when DatabaseService is connected" time="0.02851">
        </testcase>
        <testcase classname="src/ui/branding.test.ts" name="renderBranding &gt; renders branding with disconnected status when DatabaseService throws" time="0.004938">
        </testcase>
        <testcase classname="src/ui/branding.test.ts" name="renderBranding &gt; renders branding with disconnected status when no DatabaseService provided" time="0.020537875">
        </testcase>
        <testcase classname="src/ui/branding.test.ts" name="renderBranding &gt; renders branding with subtitle" time="0.0026665">
        </testcase>
        <testcase classname="src/ui/branding.test.ts" name="renderBranding &gt; renders default branding without subtitle" time="0.010472125">
        </testcase>
    </testsuite>
    <testsuite name="src/ui/index.test.ts" timestamp="2025-12-26T08:20:14.462Z" hostname="MacBook-Pro-2.local" tests="5" failures="0" errors="0" skipped="0" time="0.014579375">
        <testcase classname="src/ui/index.test.ts" name="ui index exports &gt; should export createSpinner" time="0.000567708">
        </testcase>
        <testcase classname="src/ui/index.test.ts" name="ui index exports &gt; should export renderBranding" time="0.000065833">
        </testcase>
        <testcase classname="src/ui/index.test.ts" name="ui index exports &gt; should export renderResults" time="0.000047958">
        </testcase>
        <testcase classname="src/ui/index.test.ts" name="ui index exports &gt; should export renderStatBadge" time="0.000039542">
        </testcase>
        <testcase classname="src/ui/index.test.ts" name="ui index exports &gt; should export renderStatBadges" time="0.000102666">
        </testcase>
    </testsuite>
    <testsuite name="src/ui/results.test.ts" timestamp="2025-12-26T08:20:14.463Z" hostname="MacBook-Pro-2.local" tests="7" failures="0" errors="0" skipped="0" time="0.02645875">
        <testcase classname="src/ui/results.test.ts" name="renderResults &gt; renders results with built items" time="0.005410125">
        </testcase>
        <testcase classname="src/ui/results.test.ts" name="renderResults &gt; renders results with applied items" time="0.000653458">
        </testcase>
        <testcase classname="src/ui/results.test.ts" name="renderResults &gt; renders results with skipped items" time="0.000956125">
        </testcase>
        <testcase classname="src/ui/results.test.ts" name="renderResults &gt; renders results with errors" time="0.001057375">
        </testcase>
        <testcase classname="src/ui/results.test.ts" name="renderResults &gt; renders stat badges" time="0.000178209">
        </testcase>
        <testcase classname="src/ui/results.test.ts" name="renderResults &gt; limits items to 30 with overflow message" time="0.000185166">
        </testcase>
        <testcase classname="src/ui/results.test.ts" name="renderResults &gt; handles empty results" time="0.000658167">
        </testcase>
    </testsuite>
    <testsuite name="src/ui/spinner.test.ts" timestamp="2025-12-26T08:20:14.465Z" hostname="MacBook-Pro-2.local" tests="3" failures="0" errors="0" skipped="0" time="0.07486025">
        <testcase classname="src/ui/spinner.test.ts" name="createSpinner &gt; should create a spinner with the provided text" time="0.00168575">
        </testcase>
        <testcase classname="src/ui/spinner.test.ts" name="createSpinner &gt; should use dots spinner style" time="0.000225">
        </testcase>
        <testcase classname="src/ui/spinner.test.ts" name="createSpinner &gt; should allow updating text" time="0.000160125">
        </testcase>
    </testsuite>
    <testsuite name="src/utils/config.test.ts" timestamp="2025-12-26T08:20:14.466Z" hostname="MacBook-Pro-2.local" tests="7" failures="0" errors="0" skipped="0" time="0.223892542">
        <testcase classname="src/utils/config.test.ts" name="config &gt; should call getConfig with the correct path" time="0.001274416">
        </testcase>
        <testcase classname="src/utils/config.test.ts" name="config &gt; should return mocked test config values" time="0.000163167">
        </testcase>
        <testcase classname="src/utils/config.test.ts" name="config &gt; should handle nested paths correctly" time="0.000100042">
        </testcase>
        <testcase classname="src/utils/config.test.ts" name="config file operations &gt; should write config file with correct format" time="0.053740291">
        </testcase>
        <testcase classname="src/utils/config.test.ts" name="config file operations &gt; should reset config to defaults" time="0.067279083">
        </testcase>
        <testcase classname="src/utils/config.test.ts" name="config file operations &gt; should read config from file when it exists" time="0.048812042">
        </testcase>
        <testcase classname="src/utils/config.test.ts" name="config file operations &gt; should return default config when file does not exist" time="0.04252975">
        </testcase>
    </testsuite>
    <testsuite name="src/utils/createEmptyBuildLog.test.ts" timestamp="2025-12-26T08:20:14.469Z" hostname="MacBook-Pro-2.local" tests="2" failures="0" errors="0" skipped="0" time="0.106478792">
        <testcase classname="src/utils/createEmptyBuildLog.test.ts" name="createEmptyBuildLog &gt; should create an empty build log object with correct structure" time="0.004754792">
        </testcase>
        <testcase classname="src/utils/createEmptyBuildLog.test.ts" name="createEmptyBuildLog &gt; should be immutable - generate a new object for each call" time="0.00021425">
        </testcase>
    </testsuite>
    <testsuite name="src/utils/ensureDirectories.test.ts" timestamp="2025-12-26T08:20:14.470Z" hostname="MacBook-Pro-2.local" tests="1" failures="0" errors="0" skipped="0" time="0.069902334">
        <testcase classname="src/utils/ensureDirectories.test.ts" name="ensureDirectories &gt; should be a function" time="0.000660709">
        </testcase>
    </testsuite>
    <testsuite name="src/utils/findProjectRoot.test.ts" timestamp="2025-12-26T08:20:14.471Z" hostname="MacBook-Pro-2.local" tests="5" failures="0" errors="0" skipped="0" time="0.123634333">
        <testcase classname="src/utils/findProjectRoot.test.ts" name="findProjectRoot &gt; should find project root with srtd.config.json" time="0.07737275">
        </testcase>
        <testcase classname="src/utils/findProjectRoot.test.ts" name="findProjectRoot &gt; should find project root with package.json" time="0.0084355">
        </testcase>
        <testcase classname="src/utils/findProjectRoot.test.ts" name="findProjectRoot &gt; should find project root with supabase directory" time="0.020758542">
        </testcase>
        <testcase classname="src/utils/findProjectRoot.test.ts" name="findProjectRoot &gt; should throw error if project root not found" time="0.004587958">
        </testcase>
        <testcase classname="src/utils/findProjectRoot.test.ts" name="findProjectRoot &gt; should accept custom starting directory" time="0.00902125">
        </testcase>
    </testsuite>
    <testsuite name="src/utils/getErrorMessage.test.ts" timestamp="2025-12-26T08:20:14.474Z" hostname="MacBook-Pro-2.local" tests="11" failures="0" errors="0" skipped="0" time="0.010466625">
        <testcase classname="src/utils/getErrorMessage.test.ts" name="getErrorMessage &gt; returns message from Error instance" time="0.0005755">
        </testcase>
        <testcase classname="src/utils/getErrorMessage.test.ts" name="getErrorMessage &gt; returns string representation of non-Error values" time="0.00006025">
        </testcase>
        <testcase classname="src/utils/getErrorMessage.test.ts" name="getErrorMessage &gt; handles number values" time="0.000041458">
        </testcase>
        <testcase classname="src/utils/getErrorMessage.test.ts" name="getErrorMessage &gt; handles null" time="0.000034375">
        </testcase>
        <testcase classname="src/utils/getErrorMessage.test.ts" name="getErrorMessage &gt; handles undefined" time="0.000032875">
        </testcase>
        <testcase classname="src/utils/getErrorMessage.test.ts" name="getErrorMessage &gt; handles object values" time="0.000039458">
        </testcase>
        <testcase classname="src/utils/getErrorMessage.test.ts" name="getErrorMessage &gt; handles Error subclasses" time="0.000042708">
        </testcase>
        <testcase classname="src/utils/getErrorMessage.test.ts" name="isPromptExit &gt; returns true for ExitPromptError" time="0.00005175">
        </testcase>
        <testcase classname="src/utils/getErrorMessage.test.ts" name="isPromptExit &gt; returns false for regular Error" time="0.000044708">
        </testcase>
        <testcase classname="src/utils/getErrorMessage.test.ts" name="isPromptExit &gt; returns false for non-Error values" time="0.00006">
        </testcase>
        <testcase classname="src/utils/getErrorMessage.test.ts" name="isPromptExit &gt; returns false for Error with different name" time="0.000035875">
        </testcase>
    </testsuite>
    <testsuite name="src/utils/getNextTimestamp.test.ts" timestamp="2025-12-26T08:20:14.478Z" hostname="MacBook-Pro-2.local" tests="2" failures="0" errors="0" skipped="0" time="0.042088417">
        <testcase classname="src/utils/getNextTimestamp.test.ts" name="getNextTimestamp &gt; should generate a timestamp in the correct format" time="0.001091333">
        </testcase>
        <testcase classname="src/utils/getNextTimestamp.test.ts" name="getNextTimestamp &gt; should generate timestamps that increment correctly" time="0.000779916">
        </testcase>
    </testsuite>
    <testsuite name="src/utils/isWipTemplate.test.ts" timestamp="2025-12-26T08:20:14.479Z" hostname="MacBook-Pro-2.local" tests="3" failures="0" errors="0" skipped="0" time="0.005405583">
        <testcase classname="src/utils/isWipTemplate.test.ts" name="isWipTemplate &gt; should identify WIP templates correctly" time="0.001740584">
        </testcase>
        <testcase classname="src/utils/isWipTemplate.test.ts" name="isWipTemplate &gt; should identify non-WIP templates correctly" time="0.000149958">
        </testcase>
        <testcase classname="src/utils/isWipTemplate.test.ts" name="isWipTemplate &gt; should handle edge cases" time="0.000090625">
        </testcase>
    </testsuite>
    <testsuite name="src/utils/logger.test.ts" timestamp="2025-12-26T08:20:14.480Z" hostname="MacBook-Pro-2.local" tests="8" failures="0" errors="0" skipped="0" time="0.05656575">
        <testcase classname="src/utils/logger.test.ts" name="logger &gt; should log info messages with info icon" time="0.038410084">
        </testcase>
        <testcase classname="src/utils/logger.test.ts" name="logger &gt; should log success messages with tick icon" time="0.000958917">
        </testcase>
        <testcase classname="src/utils/logger.test.ts" name="logger &gt; should log warning messages with warning icon" time="0.003152292">
        </testcase>
        <testcase classname="src/utils/logger.test.ts" name="logger &gt; should log error messages with cross icon" time="0.004042167">
        </testcase>
        <testcase classname="src/utils/logger.test.ts" name="logger &gt; should log skip messages with pointer icon" time="0.00087225">
        </testcase>
        <testcase classname="src/utils/logger.test.ts" name="logger &gt; should not log debug messages when DEBUG is not set" time="0.001159083">
        </testcase>
        <testcase classname="src/utils/logger.test.ts" name="logger &gt; should log debug messages when DEBUG is set to true" time="0.001468333">
        </testcase>
        <testcase classname="src/utils/logger.test.ts" name="logger &gt; should not log debug messages when DEBUG is set to false" time="0.002818292">
        </testcase>
    </testsuite>
    <testsuite name="src/utils/safeCreate.test.ts" timestamp="2025-12-26T08:20:14.483Z" hostname="MacBook-Pro-2.local" tests="4" failures="0" errors="0" skipped="0" time="0.045330584">
        <testcase classname="src/utils/safeCreate.test.ts" name="safeCreate &gt; should create file with content" time="0.006724542">
        </testcase>
        <testcase classname="src/utils/safeCreate.test.ts" name="safeCreate &gt; should create file in nested directory structure" time="0.017333625">
        </testcase>
        <testcase classname="src/utils/safeCreate.test.ts" name="safeCreate &gt; should handle file already existing" time="0.011301292">
        </testcase>
        <testcase classname="src/utils/safeCreate.test.ts" name="safeCreate &gt; should handle errors gracefully" time="0.004022708">
        </testcase>
    </testsuite>
    <testsuite name="src/__tests__/e2e/cli.test.ts" timestamp="2025-12-26T08:20:14.486Z" hostname="MacBook-Pro-2.local" tests="2" failures="0" errors="0" skipped="0" time="0.004824042">
        <testcase classname="src/__tests__/e2e/cli.test.ts" name="CLI Commands Test &gt; should have all required command files" time="0.001838625">
        </testcase>
        <testcase classname="src/__tests__/e2e/cli.test.ts" name="CLI Commands Test &gt; should have a main CLI entry point" time="0.000333625">
        </testcase>
    </testsuite>
    <testsuite name="src/__tests__/e2e/integration.test.ts" timestamp="2025-12-26T08:20:14.487Z" hostname="MacBook-Pro-2.local" tests="1" failures="0" errors="0" skipped="0" time="1.390519416">
        <testcase classname="src/__tests__/e2e/integration.test.ts" name="CLI Version Test &gt; should display version information" time="1.371180667">
        </testcase>
    </testsuite>
    <testsuite name="src/__tests__/e2e/interactive.test.ts" timestamp="2025-12-26T08:20:14.487Z" hostname="MacBook-Pro-2.local" tests="4" failures="0" errors="0" skipped="0" time="4.42987075">
        <testcase classname="src/__tests__/e2e/interactive.test.ts" name="CLI Help Test &gt; should show main help menu with all commands" time="1.615940334">
        </testcase>
        <testcase classname="src/__tests__/e2e/interactive.test.ts" name="CLI Help Test &gt; should show help for build command" time="1.002929625">
        </testcase>
        <testcase classname="src/__tests__/e2e/interactive.test.ts" name="CLI Help Test &gt; should show help for apply command" time="0.944767292">
        </testcase>
        <testcase classname="src/__tests__/e2e/interactive.test.ts" name="CLI Help Test &gt; should show help for watch command" time="0.862146833">
        </testcase>
    </testsuite>
    <testsuite name="src/services/__tests__/DatabaseService.test.ts" timestamp="2025-12-26T08:20:14.488Z" hostname="MacBook-Pro-2.local" tests="37" failures="0" errors="0" skipped="0" time="1.494066417">
        <testcase classname="src/services/__tests__/DatabaseService.test.ts" name="DatabaseService &gt; initialization and configuration &gt; should create service with default configuration" time="0.000814166">
        </testcase>
        <testcase classname="src/services/__tests__/DatabaseService.test.ts" name="DatabaseService &gt; initialization and configuration &gt; should merge configuration with defaults" time="0.000097833">
        </testcase>
        <testcase classname="src/services/__tests__/DatabaseService.test.ts" name="DatabaseService &gt; initialization and configuration &gt; should create service from CLI config" time="0.000084625">
        </testcase>
        <testcase classname="src/services/__tests__/DatabaseService.test.ts" name="DatabaseService &gt; connection management &gt; should establish database connection" time="0.000469041">
        </testcase>
        <testcase classname="src/services/__tests__/DatabaseService.test.ts" name="DatabaseService &gt; connection management &gt; should retry connection on failure" time="0.139395">
        </testcase>
        <testcase classname="src/services/__tests__/DatabaseService.test.ts" name="DatabaseService &gt; connection management &gt; should fail after max retries" time="0.10719175">
        </testcase>
        <testcase classname="src/services/__tests__/DatabaseService.test.ts" name="DatabaseService &gt; connection management &gt; should emit connection events" time="0.116692417">
        </testcase>
        <testcase classname="src/services/__tests__/DatabaseService.test.ts" name="DatabaseService &gt; connection management &gt; should test connection successfully" time="0.000789584">
        </testcase>
        <testcase classname="src/services/__tests__/DatabaseService.test.ts" name="DatabaseService &gt; connection management &gt; should handle test connection failure" time="0.101363791">
        </testcase>
        <testcase classname="src/services/__tests__/DatabaseService.test.ts" name="DatabaseService &gt; connection management &gt; should return connection statistics" time="0.000330458">
        </testcase>
        <testcase classname="src/services/__tests__/DatabaseService.test.ts" name="DatabaseService &gt; connection management &gt; should return null stats when no pool" time="0.0000915">
        </testcase>
        <testcase classname="src/services/__tests__/DatabaseService.test.ts" name="DatabaseService &gt; SQL execution &gt; should execute SQL without transaction" time="0.000915916">
        </testcase>
        <testcase classname="src/services/__tests__/DatabaseService.test.ts" name="DatabaseService &gt; SQL execution &gt; should execute SQL with transaction" time="0.000304333">
        </testcase>
        <testcase classname="src/services/__tests__/DatabaseService.test.ts" name="DatabaseService &gt; SQL execution &gt; should handle SQL execution with advisory lock" time="0.000751459">
        </testcase>
        <testcase classname="src/services/__tests__/DatabaseService.test.ts" name="DatabaseService &gt; SQL execution &gt; should set isolation level when specified" time="0.000130167">
        </testcase>
        <testcase classname="src/services/__tests__/DatabaseService.test.ts" name="DatabaseService &gt; SQL execution &gt; should rollback on SQL error" time="0.000188875">
        </testcase>
        <testcase classname="src/services/__tests__/DatabaseService.test.ts" name="DatabaseService &gt; SQL execution &gt; should emit SQL events" time="0.000152917">
        </testcase>
        <testcase classname="src/services/__tests__/DatabaseService.test.ts" name="DatabaseService &gt; migration execution &gt; should execute migration successfully" time="0.000150667">
        </testcase>
        <testcase classname="src/services/__tests__/DatabaseService.test.ts" name="DatabaseService &gt; migration execution &gt; should return migration error on failure" time="0.000147208">
        </testcase>
        <testcase classname="src/services/__tests__/DatabaseService.test.ts" name="DatabaseService &gt; error categorization &gt; should categorize connection errors" time="0.000092667">
        </testcase>
        <testcase classname="src/services/__tests__/DatabaseService.test.ts" name="DatabaseService &gt; error categorization &gt; should categorize syntax errors" time="0.000086708">
        </testcase>
        <testcase classname="src/services/__tests__/DatabaseService.test.ts" name="DatabaseService &gt; error categorization &gt; should categorize constraint violations" time="0.000084125">
        </testcase>
        <testcase classname="src/services/__tests__/DatabaseService.test.ts" name="DatabaseService &gt; error categorization &gt; should categorize transaction errors" time="0.000084542">
        </testcase>
        <testcase classname="src/services/__tests__/DatabaseService.test.ts" name="DatabaseService &gt; error categorization &gt; should categorize timeout errors" time="0.000082">
        </testcase>
        <testcase classname="src/services/__tests__/DatabaseService.test.ts" name="DatabaseService &gt; error categorization &gt; should categorize pool exhaustion errors" time="0.000083375">
        </testcase>
        <testcase classname="src/services/__tests__/DatabaseService.test.ts" name="DatabaseService &gt; error categorization &gt; should categorize unknown errors" time="0.0000815">
        </testcase>
        <testcase classname="src/services/__tests__/DatabaseService.test.ts" name="DatabaseService &gt; concurrent operations &gt; should handle concurrent SQL executions" time="0.000322625">
        </testcase>
        <testcase classname="src/services/__tests__/DatabaseService.test.ts" name="DatabaseService &gt; concurrent operations &gt; should handle mixed success and failure scenarios" time="0.000116875">
        </testcase>
        <testcase classname="src/services/__tests__/DatabaseService.test.ts" name="DatabaseService &gt; resource cleanup &gt; should dispose cleanly" time="0.000066875">
        </testcase>
        <testcase classname="src/services/__tests__/DatabaseService.test.ts" name="DatabaseService &gt; resource cleanup &gt; should handle disposal timeout" time="1.000079167">
        </testcase>
        <testcase classname="src/services/__tests__/DatabaseService.test.ts" name="DatabaseService &gt; resource cleanup &gt; should handle disposal errors" time="0.000814042">
        </testcase>
        <testcase classname="src/services/__tests__/DatabaseService.test.ts" name="DatabaseService &gt; resource cleanup &gt; should emit pool events" time="0.002635292">
        </testcase>
        <testcase classname="src/services/__tests__/DatabaseService.test.ts" name="DatabaseService &gt; resource cleanup &gt; should remove all listeners on disposal" time="0.001166375">
        </testcase>
        <testcase classname="src/services/__tests__/DatabaseService.test.ts" name="DatabaseService &gt; edge cases and error scenarios &gt; should handle rollback failure during transaction error" time="0.000413959">
        </testcase>
        <testcase classname="src/services/__tests__/DatabaseService.test.ts" name="DatabaseService &gt; edge cases and error scenarios &gt; should handle empty and undefined parameters" time="0.000206667">
        </testcase>
        <testcase classname="src/services/__tests__/DatabaseService.test.ts" name="DatabaseService &gt; edge cases and error scenarios &gt; should handle large result sets" time="0.000671959">
        </testcase>
        <testcase classname="src/services/__tests__/DatabaseService.test.ts" name="DatabaseService &gt; edge cases and error scenarios &gt; should handle very long SQL statements" time="0.000160375">
        </testcase>
    </testsuite>
    <testsuite name="src/services/__tests__/FileSystemService.test.ts" timestamp="2025-12-26T08:20:14.499Z" hostname="MacBook-Pro-2.local" tests="25" failures="0" errors="0" skipped="0" time="0.240507708">
        <testcase classname="src/services/__tests__/FileSystemService.test.ts" name="FileSystemService &gt; findTemplates &gt; should find all template files matching the pattern" time="0.001586292">
        </testcase>
        <testcase classname="src/services/__tests__/FileSystemService.test.ts" name="FileSystemService &gt; findTemplates &gt; should return sorted results" time="0.000145292">
        </testcase>
        <testcase classname="src/services/__tests__/FileSystemService.test.ts" name="FileSystemService &gt; findTemplates &gt; should handle empty results" time="0.000084875">
        </testcase>
        <testcase classname="src/services/__tests__/FileSystemService.test.ts" name="FileSystemService &gt; readTemplate &gt; should read template file and return content with metadata" time="0.000641875">
        </testcase>
        <testcase classname="src/services/__tests__/FileSystemService.test.ts" name="FileSystemService &gt; readTemplate &gt; should calculate correct MD5 hash" time="0.000134167">
        </testcase>
        <testcase classname="src/services/__tests__/FileSystemService.test.ts" name="FileSystemService &gt; readTemplate &gt; should throw error for non-existent file" time="0.000587458">
        </testcase>
        <testcase classname="src/services/__tests__/FileSystemService.test.ts" name="FileSystemService &gt; readTemplate &gt; should propagate other errors" time="0.000128167">
        </testcase>
        <testcase classname="src/services/__tests__/FileSystemService.test.ts" name="FileSystemService &gt; fileExists &gt; should return true for existing file" time="0.000121791">
        </testcase>
        <testcase classname="src/services/__tests__/FileSystemService.test.ts" name="FileSystemService &gt; fileExists &gt; should return false for non-existent file" time="0.000083833">
        </testcase>
        <testcase classname="src/services/__tests__/FileSystemService.test.ts" name="FileSystemService &gt; writeFile &gt; should create directory and write file" time="0.000332083">
        </testcase>
        <testcase classname="src/services/__tests__/FileSystemService.test.ts" name="FileSystemService &gt; deleteFile &gt; should delete existing file" time="0.000101958">
        </testcase>
        <testcase classname="src/services/__tests__/FileSystemService.test.ts" name="FileSystemService &gt; deleteFile &gt; should ignore ENOENT errors" time="0.000178625">
        </testcase>
        <testcase classname="src/services/__tests__/FileSystemService.test.ts" name="FileSystemService &gt; deleteFile &gt; should propagate other errors" time="0.000106709">
        </testcase>
        <testcase classname="src/services/__tests__/FileSystemService.test.ts" name="FileSystemService &gt; getFileStats &gt; should return file stats" time="0.000106875">
        </testcase>
        <testcase classname="src/services/__tests__/FileSystemService.test.ts" name="FileSystemService &gt; watchTemplates &gt; should start watching templates directory" time="0.006663292">
        </testcase>
        <testcase classname="src/services/__tests__/FileSystemService.test.ts" name="FileSystemService &gt; watchTemplates &gt; should emit events for initial files" time="0.168350167">
        </testcase>
        <testcase classname="src/services/__tests__/FileSystemService.test.ts" name="FileSystemService &gt; watchTemplates &gt; should throw error if already watching" time="0.020614917">
        </testcase>
        <testcase classname="src/services/__tests__/FileSystemService.test.ts" name="FileSystemService &gt; watchTemplates &gt; should handle watch errors" time="0.017967875">
        </testcase>
        <testcase classname="src/services/__tests__/FileSystemService.test.ts" name="FileSystemService &gt; stopWatching &gt; should stop watching and clear timers" time="0.001414667">
        </testcase>
        <testcase classname="src/services/__tests__/FileSystemService.test.ts" name="FileSystemService &gt; stopWatching &gt; should be safe to call without watching" time="0.00015925">
        </testcase>
        <testcase classname="src/services/__tests__/FileSystemService.test.ts" name="FileSystemService &gt; getMigrationPath &gt; should generate correct migration path" time="0.000094125">
        </testcase>
        <testcase classname="src/services/__tests__/FileSystemService.test.ts" name="FileSystemService &gt; listMigrations &gt; should list all migration files sorted" time="0.000143417">
        </testcase>
        <testcase classname="src/services/__tests__/FileSystemService.test.ts" name="FileSystemService &gt; readMigration &gt; should read migration file content" time="0.0001115">
        </testcase>
        <testcase classname="src/services/__tests__/FileSystemService.test.ts" name="FileSystemService &gt; dispose &gt; should clean up resources" time="0.003345709">
        </testcase>
        <testcase classname="src/services/__tests__/FileSystemService.test.ts" name="FileSystemService &gt; event emission &gt; should emit specific event types" time="0.013368458">
        </testcase>
    </testsuite>
    <testsuite name="src/services/__tests__/MigrationBuilder.test.ts" timestamp="2025-12-26T08:20:14.511Z" hostname="MacBook-Pro-2.local" tests="31" failures="0" errors="0" skipped="0" time="0.022418166">
        <testcase classname="src/services/__tests__/MigrationBuilder.test.ts" name="MigrationBuilder &gt; initialization and configuration &gt; should create builder with required configuration" time="0.001711167">
        </testcase>
        <testcase classname="src/services/__tests__/MigrationBuilder.test.ts" name="MigrationBuilder &gt; initialization and configuration &gt; should merge configuration with defaults" time="0.0005105">
        </testcase>
        <testcase classname="src/services/__tests__/MigrationBuilder.test.ts" name="MigrationBuilder &gt; initialization and configuration &gt; should create builder from CLI config" time="0.000354875">
        </testcase>
        <testcase classname="src/services/__tests__/MigrationBuilder.test.ts" name="MigrationBuilder &gt; initialization and configuration &gt; should validate configuration" time="0.002069958">
        </testcase>
        <testcase classname="src/services/__tests__/MigrationBuilder.test.ts" name="MigrationBuilder &gt; migration content generation &gt; should generate migration with all components" time="0.000460875">
        </testcase>
        <testcase classname="src/services/__tests__/MigrationBuilder.test.ts" name="MigrationBuilder &gt; migration content generation &gt; should generate migration without transaction wrapping" time="0.00013875">
        </testcase>
        <testcase classname="src/services/__tests__/MigrationBuilder.test.ts" name="MigrationBuilder &gt; migration content generation &gt; should generate migration without prefix" time="0.000104084">
        </testcase>
        <testcase classname="src/services/__tests__/MigrationBuilder.test.ts" name="MigrationBuilder &gt; migration content generation &gt; should generate migration without banner and footer" time="0.000118125">
        </testcase>
        <testcase classname="src/services/__tests__/MigrationBuilder.test.ts" name="MigrationBuilder &gt; migration content generation &gt; should handle template without lastBuildAt" time="0.000083417">
        </testcase>
        <testcase classname="src/services/__tests__/MigrationBuilder.test.ts" name="MigrationBuilder &gt; migration content generation &gt; should generate unique timestamps" time="0.000456">
        </testcase>
        <testcase classname="src/services/__tests__/MigrationBuilder.test.ts" name="MigrationBuilder &gt; bundled migration generation &gt; should generate bundled migration with multiple templates" time="0.000282583">
        </testcase>
        <testcase classname="src/services/__tests__/MigrationBuilder.test.ts" name="MigrationBuilder &gt; bundled migration generation &gt; should generate bundled migration without transaction wrapping" time="0.000110833">
        </testcase>
        <testcase classname="src/services/__tests__/MigrationBuilder.test.ts" name="MigrationBuilder &gt; bundled migration generation &gt; should handle empty template list for bundle" time="0.000127833">
        </testcase>
        <testcase classname="src/services/__tests__/MigrationBuilder.test.ts" name="MigrationBuilder &gt; file writing operations &gt; should write migration file to disk" time="0.000512667">
        </testcase>
        <testcase classname="src/services/__tests__/MigrationBuilder.test.ts" name="MigrationBuilder &gt; file writing operations &gt; should write bundled migration file to disk" time="0.000208625">
        </testcase>
        <testcase classname="src/services/__tests__/MigrationBuilder.test.ts" name="MigrationBuilder &gt; file writing operations &gt; should generate and write migration in one operation" time="0.000151459">
        </testcase>
        <testcase classname="src/services/__tests__/MigrationBuilder.test.ts" name="MigrationBuilder &gt; file writing operations &gt; should generate and write bundled migration in one operation" time="0.000115459">
        </testcase>
        <testcase classname="src/services/__tests__/MigrationBuilder.test.ts" name="MigrationBuilder &gt; file writing operations &gt; should handle file writing errors" time="0.000605458">
        </testcase>
        <testcase classname="src/services/__tests__/MigrationBuilder.test.ts" name="MigrationBuilder &gt; file writing operations &gt; should handle directory creation errors" time="0.000134042">
        </testcase>
        <testcase classname="src/services/__tests__/MigrationBuilder.test.ts" name="MigrationBuilder &gt; migration existence checking &gt; should return false when migration does not exist" time="0.000129458">
        </testcase>
        <testcase classname="src/services/__tests__/MigrationBuilder.test.ts" name="MigrationBuilder &gt; migration existence checking &gt; should return true when migration exists" time="0.000076333">
        </testcase>
        <testcase classname="src/services/__tests__/MigrationBuilder.test.ts" name="MigrationBuilder &gt; path generation utilities &gt; should generate correct migration path" time="0.000098458">
        </testcase>
        <testcase classname="src/services/__tests__/MigrationBuilder.test.ts" name="MigrationBuilder &gt; path generation utilities &gt; should generate correct absolute migration path" time="0.000092209">
        </testcase>
        <testcase classname="src/services/__tests__/MigrationBuilder.test.ts" name="MigrationBuilder &gt; path generation utilities &gt; should handle migration paths without prefix" time="0.000074958">
        </testcase>
        <testcase classname="src/services/__tests__/MigrationBuilder.test.ts" name="MigrationBuilder &gt; edge cases and error scenarios &gt; should handle empty template content" time="0.000111625">
        </testcase>
        <testcase classname="src/services/__tests__/MigrationBuilder.test.ts" name="MigrationBuilder &gt; edge cases and error scenarios &gt; should handle template with special characters in name" time="0.000078625">
        </testcase>
        <testcase classname="src/services/__tests__/MigrationBuilder.test.ts" name="MigrationBuilder &gt; edge cases and error scenarios &gt; should handle very long template content" time="0.000148333">
        </testcase>
        <testcase classname="src/services/__tests__/MigrationBuilder.test.ts" name="MigrationBuilder &gt; edge cases and error scenarios &gt; should handle template with multiline SQL" time="0.000105083">
        </testcase>
        <testcase classname="src/services/__tests__/MigrationBuilder.test.ts" name="MigrationBuilder &gt; edge cases and error scenarios &gt; should handle BuildLog updates correctly" time="0.000121375">
        </testcase>
        <testcase classname="src/services/__tests__/MigrationBuilder.test.ts" name="MigrationBuilder &gt; edge cases and error scenarios &gt; should maintain configuration immutability" time="0.000091">
        </testcase>
        <testcase classname="src/services/__tests__/MigrationBuilder.test.ts" name="MigrationBuilder &gt; concurrent operations &gt; should handle concurrent migration generation" time="0.000215167">
        </testcase>
    </testsuite>
    <testsuite name="src/services/__tests__/Orchestrator.test.ts" timestamp="2025-12-26T08:20:14.528Z" hostname="MacBook-Pro-2.local" tests="10" failures="0" errors="0" skipped="0" time="0.078334542">
        <testcase classname="src/services/__tests__/Orchestrator.test.ts" name="Orchestrator &gt; initialization &gt; should create orchestrator instance" time="0.001399417">
        </testcase>
        <testcase classname="src/services/__tests__/Orchestrator.test.ts" name="Orchestrator &gt; initialization &gt; should initialize all services" time="0.00289425">
        </testcase>
        <testcase classname="src/services/__tests__/Orchestrator.test.ts" name="Orchestrator &gt; static factory &gt; should create orchestrator using static create method" time="0.002760833">
        </testcase>
        <testcase classname="src/services/__tests__/Orchestrator.test.ts" name="Orchestrator &gt; service coordination &gt; should coordinate between services for unidirectional flow" time="0.001888792">
        </testcase>
        <testcase classname="src/services/__tests__/Orchestrator.test.ts" name="Orchestrator &gt; command handlers &gt; should have apply command handler" time="0.005317791">
        </testcase>
        <testcase classname="src/services/__tests__/Orchestrator.test.ts" name="Orchestrator &gt; command handlers &gt; should have build command handler" time="0.001637208">
        </testcase>
        <testcase classname="src/services/__tests__/Orchestrator.test.ts" name="Orchestrator &gt; command handlers &gt; should have watch command handler" time="0.002084">
        </testcase>
        <testcase classname="src/services/__tests__/Orchestrator.test.ts" name="Orchestrator &gt; command handlers &gt; should have findTemplates method" time="0.00192375">
        </testcase>
        <testcase classname="src/services/__tests__/Orchestrator.test.ts" name="Orchestrator &gt; command handlers &gt; should have getTemplateStatusExternal method" time="0.03308075">
        </testcase>
        <testcase classname="src/services/__tests__/Orchestrator.test.ts" name="Orchestrator &gt; disposal &gt; should dispose of all services" time="0.001551">
        </testcase>
    </testsuite>
    <testsuite name="src/services/__tests__/StateService.test.ts" timestamp="2025-12-26T08:20:14.534Z" hostname="MacBook-Pro-2.local" tests="37" failures="0" errors="0" skipped="0" time="1.126513542">
        <testcase classname="src/services/__tests__/StateService.test.ts" name="StateService &gt; initialization &gt; should initialize with empty buildlogs when files do not exist" time="0.000990667">
        </testcase>
        <testcase classname="src/services/__tests__/StateService.test.ts" name="StateService &gt; initialization &gt; should load and merge buildlogs on initialization" time="0.000191959">
        </testcase>
        <testcase classname="src/services/__tests__/StateService.test.ts" name="StateService &gt; initialization &gt; should handle corrupted JSON files gracefully" time="0.001143958">
        </testcase>
        <testcase classname="src/services/__tests__/StateService.test.ts" name="StateService &gt; state transitions &gt; should mark template as unseen" time="0.000447292">
        </testcase>
        <testcase classname="src/services/__tests__/StateService.test.ts" name="StateService &gt; state transitions &gt; should mark template as synced" time="0.000110208">
        </testcase>
        <testcase classname="src/services/__tests__/StateService.test.ts" name="StateService &gt; state transitions &gt; should mark template as changed" time="0.0002025">
        </testcase>
        <testcase classname="src/services/__tests__/StateService.test.ts" name="StateService &gt; state transitions &gt; should mark template as applied" time="0.001544833">
        </testcase>
        <testcase classname="src/services/__tests__/StateService.test.ts" name="StateService &gt; state transitions &gt; should mark template as built" time="0.000216959">
        </testcase>
        <testcase classname="src/services/__tests__/StateService.test.ts" name="StateService &gt; state transitions &gt; should mark template as error during apply" time="0.00015025">
        </testcase>
        <testcase classname="src/services/__tests__/StateService.test.ts" name="StateService &gt; state transitions &gt; should mark template as error during build" time="0.00010375">
        </testcase>
        <testcase classname="src/services/__tests__/StateService.test.ts" name="StateService &gt; state transitions &gt; should emit state transition events" time="0.000341125">
        </testcase>
        <testcase classname="src/services/__tests__/StateService.test.ts" name="StateService &gt; state transitions &gt; should validate state transitions" time="0.000529875">
        </testcase>
        <testcase classname="src/services/__tests__/StateService.test.ts" name="StateService &gt; state transitions &gt; should handle all valid transition paths" time="0.000261625">
        </testcase>
        <testcase classname="src/services/__tests__/StateService.test.ts" name="StateService &gt; hash comparison &gt; should detect changed templates with no previous state" time="0.000147875">
        </testcase>
        <testcase classname="src/services/__tests__/StateService.test.ts" name="StateService &gt; hash comparison &gt; should detect changed templates with different hash" time="0.000082959">
        </testcase>
        <testcase classname="src/services/__tests__/StateService.test.ts" name="StateService &gt; hash comparison &gt; should detect unchanged templates with same applied hash" time="0.0000755">
        </testcase>
        <testcase classname="src/services/__tests__/StateService.test.ts" name="StateService &gt; hash comparison &gt; should detect unchanged templates with same built hash" time="0.000076125">
        </testcase>
        <testcase classname="src/services/__tests__/StateService.test.ts" name="StateService &gt; hash comparison &gt; should prioritize built hash over applied hash" time="0.000094625">
        </testcase>
        <testcase classname="src/services/__tests__/StateService.test.ts" name="StateService &gt; persistence &gt; should save buildlogs to correct files" time="0.000175833">
        </testcase>
        <testcase classname="src/services/__tests__/StateService.test.ts" name="StateService &gt; persistence &gt; should handle save failures" time="0.000523417">
        </testcase>
        <testcase classname="src/services/__tests__/StateService.test.ts" name="StateService &gt; persistence &gt; should auto-save when enabled" time="1.10239025">
        </testcase>
        <testcase classname="src/services/__tests__/StateService.test.ts" name="StateService &gt; persistence &gt; should update timestamps correctly" time="0.000661958">
        </testcase>
        <testcase classname="src/services/__tests__/StateService.test.ts" name="StateService &gt; state management &gt; should return undefined for non-existent template" time="0.000268084">
        </testcase>
        <testcase classname="src/services/__tests__/StateService.test.ts" name="StateService &gt; state management &gt; should return all template statuses" time="0.0012265">
        </testcase>
        <testcase classname="src/services/__tests__/StateService.test.ts" name="StateService &gt; state management &gt; should clear all states" time="0.000317458">
        </testcase>
        <testcase classname="src/services/__tests__/StateService.test.ts" name="StateService &gt; state management &gt; should emit cleared event when clearing all states" time="0.000132875">
        </testcase>
        <testcase classname="src/services/__tests__/StateService.test.ts" name="StateService &gt; state determination from metadata &gt; should determine ERROR state from error metadata" time="0.000149042">
        </testcase>
        <testcase classname="src/services/__tests__/StateService.test.ts" name="StateService &gt; state determination from metadata &gt; should determine BUILT state from build metadata" time="0.000128875">
        </testcase>
        <testcase classname="src/services/__tests__/StateService.test.ts" name="StateService &gt; state determination from metadata &gt; should determine APPLIED state from apply metadata" time="0.000118792">
        </testcase>
        <testcase classname="src/services/__tests__/StateService.test.ts" name="StateService &gt; state determination from metadata &gt; should determine UNSEEN state for templates with no metadata" time="0.000132541">
        </testcase>
        <testcase classname="src/services/__tests__/StateService.test.ts" name="StateService &gt; resource cleanup &gt; should dispose cleanly" time="0.000114916">
        </testcase>
        <testcase classname="src/services/__tests__/StateService.test.ts" name="StateService &gt; resource cleanup &gt; should save before disposing with auto-save enabled" time="0.000128375">
        </testcase>
        <testcase classname="src/services/__tests__/StateService.test.ts" name="StateService &gt; edge cases and error handling &gt; should handle concurrent state updates safely" time="0.00026">
        </testcase>
        <testcase classname="src/services/__tests__/StateService.test.ts" name="StateService &gt; edge cases and error handling &gt; should handle paths with special characters" time="0.000404334">
        </testcase>
        <testcase classname="src/services/__tests__/StateService.test.ts" name="StateService &gt; edge cases and error handling &gt; should handle very long file paths" time="0.00076725">
        </testcase>
        <testcase classname="src/services/__tests__/StateService.test.ts" name="StateService &gt; edge cases and error handling &gt; should handle empty hashes gracefully" time="0.000179167">
        </testcase>
        <testcase classname="src/services/__tests__/StateService.test.ts" name="StateService &gt; edge cases and error handling &gt; should maintain state consistency after multiple operations" time="0.000172875">
        </testcase>
    </testsuite>
    <testsuite name="src/services/__tests__/integration.test.ts" timestamp="2025-12-26T08:20:14.553Z" hostname="MacBook-Pro-2.local" tests="8" failures="0" errors="0" skipped="0" time="2.162261583">
        <testcase classname="src/services/__tests__/integration.test.ts" name="Service Integration Tests &gt; FileSystemService + StateService Integration &gt; should discover templates and track their states" time="0.02144025">
        </testcase>
        <testcase classname="src/services/__tests__/integration.test.ts" name="Service Integration Tests &gt; FileSystemService + StateService Integration &gt; should detect file changes through watch events" time="2.044682375">
        </testcase>
        <testcase classname="src/services/__tests__/integration.test.ts" name="Service Integration Tests &gt; StateService + MigrationBuilder Integration &gt; should build migrations for changed templates" time="0.008376375">
        </testcase>
        <testcase classname="src/services/__tests__/integration.test.ts" name="Service Integration Tests &gt; Orchestrator Service Coordination &gt; should coordinate apply operation across services" time="0.012629125">
        </testcase>
        <testcase classname="src/services/__tests__/integration.test.ts" name="Service Integration Tests &gt; Orchestrator Service Coordination &gt; should coordinate build operation across services" time="0.00755125">
        </testcase>
        <testcase classname="src/services/__tests__/integration.test.ts" name="Service Integration Tests &gt; Event Flow Integration &gt; should properly emit and handle events across services" time="0.00635025">
        </testcase>
        <testcase classname="src/services/__tests__/integration.test.ts" name="Service Integration Tests &gt; Error Handling Integration &gt; should handle errors gracefully across service boundaries" time="0.0141215">
        </testcase>
        <testcase classname="src/services/__tests__/integration.test.ts" name="Service Integration Tests &gt; Error Handling Integration &gt; should maintain consistency when operations fail" time="0.031630958">
        </testcase>
    </testsuite>
</testsuites>
